[+0.01s] DEBUG: Logging to /var/log/lightdm/lightdm.log
[+0.01s] DEBUG: Starting Light Display Manager 1.10.3, UID=0 PID=565
[+0.01s] DEBUG: Loading configuration dirs from /usr/share/lightdm/lightdm.conf.d
[+0.01s] DEBUG: Loading configuration from /usr/share/lightdm/lightdm.conf.d/01_debian.conf
[+0.01s] DEBUG: Loading configuration dirs from /usr/local/share/lightdm/lightdm.conf.d
[+0.01s] DEBUG: Loading configuration dirs from /etc/xdg/lightdm/lightdm.conf.d
[+0.01s] DEBUG: Loading configuration from /etc/lightdm/lightdm.conf
[+0.01s] DEBUG: Using D-Bus name org.freedesktop.DisplayManager
[+0.08s] DEBUG: Registered seat module xlocal
[+0.08s] DEBUG: Registered seat module xremote
[+0.08s] DEBUG: Registered seat module unity
[+0.08s] DEBUG: Registered seat module surfaceflinger
[+0.79s] DEBUG: Adding default seat
[+0.79s] DEBUG: Seat: Starting
[+0.79s] DEBUG: Seat: Creating user session
[+0.79s] WARNING: Error getting user list from org.freedesktop.Accounts: GDBus.Error:org.freedesktop.DBus.Error.ServiceUnknown: The name org.freedesktop.Accounts was not provided by any .service files
[+0.79s] DEBUG: Loading user config from /etc/lightdm/users.conf
[+0.82s] DEBUG: User pi added
[+0.85s] DEBUG: Seat: Creating display server of type x
[+0.86s] DEBUG: Using VT 7
[+0.86s] DEBUG: Seat: Starting local X display on VT 7
[+0.86s] DEBUG: DisplayServer x-0: Logging to /var/log/lightdm/x-0.log
[+0.86s] DEBUG: DisplayServer x-0: Writing X server authority to /var/run/lightdm/root/:0
[+0.86s] DEBUG: DisplayServer x-0: Launching X Server
[+0.86s] DEBUG: Launching process 677: /usr/bin/X -s 0 dpms :0 -seat seat0 -auth /var/run/lightdm/root/:0 -nolisten tcp vt7 -novtswitch
[+0.86s] DEBUG: DisplayServer x-0: Waiting for ready signal from X server :0
[+0.87s] DEBUG: Acquired bus name org.freedesktop.DisplayManager
[+0.87s] DEBUG: Registering seat with bus path /org/freedesktop/DisplayManager/Seat0
[+4.09s] DEBUG: Got signal 10 from process 677
[+4.09s] DEBUG: DisplayServer x-0: Got signal from X server :0
[+4.09s] DEBUG: DisplayServer x-0: Connecting to XServer :0
[+4.09s] DEBUG: Seat: Display server ready, starting session authentication
[+4.09s] DEBUG: Session pid=812: Started with service 'lightdm-autologin', username 'pi'
[+4.19s] DEBUG: Session pid=812: Authentication complete with return value 0: Success
[+4.19s] DEBUG: Seat: Session authenticated, running command
[+4.19s] DEBUG: Registering session with bus path /org/freedesktop/DisplayManager/Session0
[+4.20s] DEBUG: Session pid=812: Running command /etc/X11/Xsession default
[+4.20s] DEBUG: Creating shared data directory /var/lib/lightdm/data/pi
[+4.20s] DEBUG: Session pid=812: Logging to .xsession-errors
[+4.28s] DEBUG: Activating VT 7
[+4.28s] DEBUG: Activating login1 session c1
