[     7.533] 
X.Org X Server 1.18.4
Release Date: 2016-07-19
[     7.533] X Protocol Version 11, Revision 0
[     7.533] Build Operating System: Linux 4.4.26-v7+ armv7l Raspbian
[     7.533] Current Operating System: Linux DIBTVTest1A1 4.1.19-v7+ #858 SMP Tue Mar 15 15:56:00 GMT 2016 armv7l
[     7.533] Kernel command line: 8250.nr_uarts=1 dma.dmachans=0x7f35 bcm2708_fb.fbwidth=1824 bcm2708_fb.fbheight=984 bcm2709.boardrev=0xa02082 bcm2709.serial=0x50af3365 smsc95xx.macaddr=B8:27:EB:AF:33:65 bcm2708_fb.fbswap=1 bcm2709.uart_clock=48000000 vc_mem.mem_base=0x3dc00000 vc_mem.mem_size=0x3f000000  dwc_otg.lpm_enable=0 console=ttyS0,115200 console=tty1 root=/dev/mmcblk0p2 rootfstype=ext4 elevator=deadline fsck.repair=yes rootwait logo.nologo quiet
[     7.534] Build Date: 11 November 2016  11:59:59AM
[     7.534] xorg-server 2:1.18.4-2+rpi1 (https://www.debian.org/support) 
[     7.534] Current version of pixman: 0.33.3
[     7.534] 	Before reporting problems, check http://wiki.x.org
	to make sure that you have the latest version.
[     7.534] Markers: (--) probed, (**) from config file, (==) default setting,
	(++) from command line, (!!) notice, (II) informational,
	(WW) warning, (EE) error, (NI) not implemented, (??) unknown.
[     7.534] (==) Log file: "/var/log/Xorg.0.log", Time: Thu Mar 13 01:13:41 2025
[     7.538] (==) Using system config directory "/usr/share/X11/xorg.conf.d"
[     7.545] (==) No Layout section.  Using the first Screen section.
[     7.545] (==) No screen section available. Using defaults.
[     7.545] (**) |-->Screen "Default Screen Section" (0)
[     7.545] (**) |   |-->Monitor "<default monitor>"
[     7.554] (==) No device specified for screen "Default Screen Section".
	Using the first device section listed.
[     7.554] (**) |   |-->Device "Allwinner A10/A13 FBDEV"
[     7.554] (==) No monitor specified for screen "Default Screen Section".
	Using a default monitor configuration.
[     7.554] (==) Automatically adding devices
[     7.554] (==) Automatically enabling devices
[     7.554] (==) Automatically adding GPU devices
[     7.554] (==) Max clients allowed: 256, resource mask: 0x1fffff
[     7.564] (WW) The directory "/usr/share/fonts/X11/misc" does not exist.
[     7.564] 	Entry deleted from font path.
[     7.564] (WW) The directory "/usr/share/fonts/X11/cyrillic" does not exist.
[     7.564] 	Entry deleted from font path.
[     7.573] (WW) The directory "/usr/share/fonts/X11/75dpi/" does not exist.
[     7.573] 	Entry deleted from font path.
[     7.582] (WW) The directory "/usr/share/fonts/X11/75dpi" does not exist.
[     7.582] 	Entry deleted from font path.
[     7.582] (==) FontPath set to:
	/usr/share/fonts/X11/100dpi/:unscaled,
	/usr/share/fonts/X11/Type1,
	/usr/share/fonts/X11/100dpi,
	built-ins
[     7.582] (==) ModulePath set to "/usr/lib/xorg/modules"
[     7.582] (II) The server relies on udev to provide the list of input devices.
	If no devices become available, reconfigure udev or disable AutoAddDevices.
[     7.583] (II) Loader magic: 0x54ce9f20
[     7.583] (II) Module ABI versions:
[     7.583] 	X.Org ANSI C Emulation: 0.4
[     7.583] 	X.Org Video Driver: 20.0
[     7.583] 	X.Org XInput driver : 22.1
[     7.583] 	X.Org Server Extension : 9.0
[     7.591] (++) using VT number 7

[     7.591] (II) systemd-logind: logind integration requires -keeptty and -keeptty was not provided, disabling logind integration
[     7.592] (II) no primary bus or device found
[     7.595] (II) LoadModule: "glx"
[     7.601] (II) Loading /usr/lib/xorg/modules/extensions/libglx.so
[     7.727] (II) Module glx: vendor="X.Org Foundation"
[     7.728] 	compiled for 1.18.4, module version = 1.0.0
[     7.728] 	ABI class: X.Org Server Extension, version 9.0
[     7.728] (==) AIGLX enabled
[     7.728] (II) LoadModule: "fbturbo"
[     7.728] (II) Loading /usr/lib/xorg/modules/drivers/fbturbo_drv.so
[     7.757] (II) Module fbturbo: vendor="X.Org Foundation"
[     7.758] 	compiled for 1.18.4, module version = 0.5.1
[     7.758] 	Module class: X.Org Video Driver
[     7.758] 	ABI class: X.Org Video Driver, version 20.0
[     7.758] (II) FBTURBO: driver for framebuffer: fbturbo
[     7.767] (WW) Falling back to old probe method for fbturbo
[     7.767] (II) Loading sub module "fbdevhw"
[     7.767] (II) LoadModule: "fbdevhw"
[     7.767] (II) Loading /usr/lib/xorg/modules/libfbdevhw.so
[     7.778] (II) Module fbdevhw: vendor="X.Org Foundation"
[     7.778] 	compiled for 1.18.4, module version = 0.0.2
[     7.778] 	ABI class: X.Org Video Driver, version 20.0
[     7.778] (II) FBTURBO(0): using /dev/fb0
[     7.778] (WW) VGA arbiter: cannot open kernel arbiter, no multi-card support
[     7.778] (II) FBTURBO(0): Creating default Display subsection in Screen section
	"Default Screen Section" for depth/fbbpp 16/16
[     7.778] (==) FBTURBO(0): Depth 16, (==) framebuffer bpp 16
[     7.778] (==) FBTURBO(0): RGB weight 565
[     7.778] (==) FBTURBO(0): Default visual is TrueColor
[     7.778] (==) FBTURBO(0): Using gamma correction (1.0, 1.0, 1.0)
[     7.778] (II) FBTURBO(0): hardware: BCM2708 FB (video memory: 3505kB)
[     7.778] (**) FBTURBO(0): Option "fbdev" "/dev/fb0"
[     7.779] (**) FBTURBO(0): Option "SwapbuffersWait" "true"
[     7.779] (II) FBTURBO(0): processor: Unknown
[     7.779] (II) FBTURBO(0): checking modes against framebuffer device...
[     7.779] (II) FBTURBO(0): checking modes against monitor...
[     7.779] (--) FBTURBO(0): Virtual size is 1824x984 (pitch 1824)
[     7.779] (**) FBTURBO(0):  Built-in mode "current"
[     7.779] (==) FBTURBO(0): DPI set to (96, 96)
[     7.779] (II) Loading sub module "fb"
[     7.779] (II) LoadModule: "fb"
[     7.779] (II) Loading /usr/lib/xorg/modules/libfb.so
[     7.803] (II) Module fb: vendor="X.Org Foundation"
[     7.803] 	compiled for 1.18.4, module version = 1.0.0
[     7.803] 	ABI class: X.Org ANSI C Emulation, version 0.4
[     7.832] (II) FBTURBO(0): using backing store heuristics
[     7.837] (II) FBTURBO(0): can't load 'g2d_23' kernel module
[     7.837] (II) FBTURBO(0): failed to enable the use of sunxi display controller
[     7.837] (II) FBTURBO(0): No sunxi-g2d hardware detected (check /dev/disp and /dev/g2d)
[     7.837] (II) FBTURBO(0): G2D hardware acceleration can't be enabled
[     7.837] (II) FBTURBO(0): enabled fbdev copyarea acceleration
[     7.837] (==) FBTURBO(0): Backing store enabled
[     7.847] (==) FBTURBO(0): DPMS enabled
[     7.847] (II) FBTURBO(0): failed to enable hardware cursor
[     7.848] (II) FBTURBO(0): no 3D acceleration because the driver has been compiled without libUMP
[     7.848] (II) FBTURBO(0): if this is wrong and needs to be fixed, please check ./configure log
[     7.852] (==) RandR enabled
[     7.886] (II) SELinux: Disabled on system
[     7.892] (II) AIGLX: Screen 0 is not DRI2 capable
[     7.892] (EE) AIGLX: reverting to software rendering
[     9.368] (II) AIGLX: enabled GLX_MESA_copy_sub_buffer
[     9.370] (II) AIGLX: Loaded and initialized swrast
[     9.370] (II) GLX: Initialized DRISWRAST GL provider for screen 0
[    10.380] (II) config/udev: Adding input device SIGMACHIP USB Keyboard (/dev/input/event0)
[    10.380] (**) SIGMACHIP USB Keyboard: Applying InputClass "evdev keyboard catchall"
[    10.381] (II) LoadModule: "evdev"
[    10.381] (II) Loading /usr/lib/xorg/modules/input/evdev_drv.so
[    10.391] (II) Module evdev: vendor="X.Org Foundation"
[    10.391] 	compiled for 1.18.4, module version = 2.10.3
[    10.391] 	Module class: X.Org XInput Driver
[    10.391] 	ABI class: X.Org XInput driver, version 22.1
[    10.391] (II) Using input driver 'evdev' for 'SIGMACHIP USB Keyboard'
[    10.391] (**) SIGMACHIP USB Keyboard: always reports core events
[    10.391] (**) evdev: SIGMACHIP USB Keyboard: Device: "/dev/input/event0"
[    10.392] (--) evdev: SIGMACHIP USB Keyboard: Vendor 0x1c4f Product 0x26
[    10.392] (--) evdev: SIGMACHIP USB Keyboard: Found keys
[    10.392] (II) evdev: SIGMACHIP USB Keyboard: Configuring as keyboard
[    10.392] (**) Option "config_info" "udev:/sys/devices/platform/soc/3f980000.usb/usb1/1-1/1-1.2/1-1.2:1.0/0003:1C4F:0026.0001/input/input0/event0"
[    10.392] (II) XINPUT: Adding extended input device "SIGMACHIP USB Keyboard" (type: KEYBOARD, id 6)
[    10.392] (**) Option "xkb_rules" "evdev"
[    10.392] (**) Option "xkb_model" "pc104"
[    10.392] (**) Option "xkb_layout" "us"
[    10.476] (II) config/udev: Adding input device SIGMACHIP USB Keyboard (/dev/input/event1)
[    10.477] (**) SIGMACHIP USB Keyboard: Applying InputClass "evdev keyboard catchall"
[    10.477] (II) Using input driver 'evdev' for 'SIGMACHIP USB Keyboard'
[    10.477] (**) SIGMACHIP USB Keyboard: always reports core events
[    10.477] (**) evdev: SIGMACHIP USB Keyboard: Device: "/dev/input/event1"
[    10.477] (--) evdev: SIGMACHIP USB Keyboard: Vendor 0x1c4f Product 0x26
[    10.477] (--) evdev: SIGMACHIP USB Keyboard: Found 1 mouse buttons
[    10.477] (--) evdev: SIGMACHIP USB Keyboard: Found scroll wheel(s)
[    10.477] (--) evdev: SIGMACHIP USB Keyboard: Found relative axes
[    10.477] (II) evdev: SIGMACHIP USB Keyboard: Forcing relative x/y axes to exist.
[    10.477] (--) evdev: SIGMACHIP USB Keyboard: Found absolute axes
[    10.477] (II) evdev: SIGMACHIP USB Keyboard: Forcing absolute x/y axes to exist.
[    10.477] (--) evdev: SIGMACHIP USB Keyboard: Found keys
[    10.477] (II) evdev: SIGMACHIP USB Keyboard: Configuring as mouse
[    10.477] (II) evdev: SIGMACHIP USB Keyboard: Configuring as keyboard
[    10.477] (II) evdev: SIGMACHIP USB Keyboard: Adding scrollwheel support
[    10.477] (**) evdev: SIGMACHIP USB Keyboard: YAxisMapping: buttons 4 and 5
[    10.477] (**) evdev: SIGMACHIP USB Keyboard: EmulateWheelButton: 4, EmulateWheelInertia: 10, EmulateWheelTimeout: 200
[    10.478] (**) Option "config_info" "udev:/sys/devices/platform/soc/3f980000.usb/usb1/1-1/1-1.2/1-1.2:1.1/0003:1C4F:0026.0002/input/input1/event1"
[    10.478] (II) XINPUT: Adding extended input device "SIGMACHIP USB Keyboard" (type: KEYBOARD, id 7)
[    10.478] (**) Option "xkb_rules" "evdev"
[    10.478] (**) Option "xkb_model" "pc104"
[    10.478] (**) Option "xkb_layout" "us"
[    10.479] (II) evdev: SIGMACHIP USB Keyboard: initialized for relative axes.
[    10.479] (WW) evdev: SIGMACHIP USB Keyboard: ignoring absolute axes.
[    10.480] (**) SIGMACHIP USB Keyboard: (accel) keeping acceleration scheme 1
[    10.480] (**) SIGMACHIP USB Keyboard: (accel) acceleration profile 0
[    10.480] (**) SIGMACHIP USB Keyboard: (accel) acceleration factor: 2.000
[    10.480] (**) SIGMACHIP USB Keyboard: (accel) acceleration threshold: 4
[    10.482] (II) config/udev: Adding input device   mini keyboard (/dev/input/event2)
[    10.482] (**)   mini keyboard: Applying InputClass "evdev keyboard catchall"
[    10.482] (II) Using input driver 'evdev' for '  mini keyboard'
[    10.482] (**)   mini keyboard: always reports core events
[    10.482] (**) evdev:   mini keyboard: Device: "/dev/input/event2"
[    10.482] (--) evdev:   mini keyboard: Vendor 0x1997 Product 0x2433
[    10.482] (--) evdev:   mini keyboard: Found keys
[    10.482] (II) evdev:   mini keyboard: Configuring as keyboard
[    10.482] (**) Option "config_info" "udev:/sys/devices/platform/soc/3f980000.usb/usb1/1-1/1-1.4/1-1.4:1.0/0003:1997:2433.0003/input/input2/event2"
[    10.482] (II) XINPUT: Adding extended input device "  mini keyboard" (type: KEYBOARD, id 8)
[    10.482] (**) Option "xkb_rules" "evdev"
[    10.482] (**) Option "xkb_model" "pc104"
[    10.483] (**) Option "xkb_layout" "us"
[    10.485] (II) config/udev: Adding input device   mini keyboard (/dev/input/event3)
[    10.485] (**)   mini keyboard: Applying InputClass "evdev pointer catchall"
[    10.485] (**)   mini keyboard: Applying InputClass "evdev keyboard catchall"
[    10.485] (II) Using input driver 'evdev' for '  mini keyboard'
[    10.485] (**)   mini keyboard: always reports core events
[    10.485] (**) evdev:   mini keyboard: Device: "/dev/input/event3"
[    10.485] (--) evdev:   mini keyboard: Vendor 0x1997 Product 0x2433
[    10.485] (--) evdev:   mini keyboard: Found 9 mouse buttons
[    10.485] (--) evdev:   mini keyboard: Found scroll wheel(s)
[    10.485] (--) evdev:   mini keyboard: Found relative axes
[    10.485] (--) evdev:   mini keyboard: Found x and y relative axes
[    10.485] (--) evdev:   mini keyboard: Found absolute axes
[    10.485] (II) evdev:   mini keyboard: Forcing absolute x/y axes to exist.
[    10.486] (--) evdev:   mini keyboard: Found keys
[    10.486] (II) evdev:   mini keyboard: Configuring as mouse
[    10.486] (II) evdev:   mini keyboard: Configuring as keyboard
[    10.486] (II) evdev:   mini keyboard: Adding scrollwheel support
[    10.486] (**) evdev:   mini keyboard: YAxisMapping: buttons 4 and 5
[    10.486] (**) evdev:   mini keyboard: EmulateWheelButton: 4, EmulateWheelInertia: 10, EmulateWheelTimeout: 200
[    10.486] (**) Option "config_info" "udev:/sys/devices/platform/soc/3f980000.usb/usb1/1-1/1-1.4/1-1.4:1.1/0003:1997:2433.0004/input/input3/event3"
[    10.486] (II) XINPUT: Adding extended input device "  mini keyboard" (type: KEYBOARD, id 9)
[    10.486] (**) Option "xkb_rules" "evdev"
[    10.486] (**) Option "xkb_model" "pc104"
[    10.486] (**) Option "xkb_layout" "us"
[    10.488] (II) evdev:   mini keyboard: initialized for relative axes.
[    10.488] (WW) evdev:   mini keyboard: ignoring absolute axes.
[    10.488] (**)   mini keyboard: (accel) keeping acceleration scheme 1
[    10.488] (**)   mini keyboard: (accel) acceleration profile 0
[    10.489] (**)   mini keyboard: (accel) acceleration factor: 2.000
[    10.489] (**)   mini keyboard: (accel) acceleration threshold: 4
[    10.490] (II) config/udev: Adding input device   mini keyboard (/dev/input/mouse0)
[    10.490] (II) No input driver specified, ignoring this device.
[    10.490] (II) This device may have been added with another device file.
[    10.491] (II) config/udev: Adding input device Optical Mouse (/dev/input/event4)
[    10.491] (**) Optical Mouse: Applying InputClass "evdev pointer catchall"
[    10.491] (II) Using input driver 'evdev' for 'Optical Mouse'
[    10.491] (**) Optical Mouse: always reports core events
[    10.491] (**) evdev: Optical Mouse: Device: "/dev/input/event4"
[    10.491] (--) evdev: Optical Mouse: Vendor 0x4f3 Product 0x235
[    10.491] (--) evdev: Optical Mouse: Found 3 mouse buttons
[    10.491] (--) evdev: Optical Mouse: Found scroll wheel(s)
[    10.491] (--) evdev: Optical Mouse: Found relative axes
[    10.491] (--) evdev: Optical Mouse: Found x and y relative axes
[    10.492] (II) evdev: Optical Mouse: Configuring as mouse
[    10.492] (II) evdev: Optical Mouse: Adding scrollwheel support
[    10.492] (**) evdev: Optical Mouse: YAxisMapping: buttons 4 and 5
[    10.492] (**) evdev: Optical Mouse: EmulateWheelButton: 4, EmulateWheelInertia: 10, EmulateWheelTimeout: 200
[    10.492] (**) Option "config_info" "udev:/sys/devices/platform/soc/3f980000.usb/usb1/1-1/1-1.5/1-1.5:1.0/0003:04F3:0235.0005/input/input4/event4"
[    10.492] (II) XINPUT: Adding extended input device "Optical Mouse" (type: MOUSE, id 10)
[    10.492] (II) evdev: Optical Mouse: initialized for relative axes.
[    10.492] (**) Optical Mouse: (accel) keeping acceleration scheme 1
[    10.492] (**) Optical Mouse: (accel) acceleration profile 0
[    10.492] (**) Optical Mouse: (accel) acceleration factor: 2.000
[    10.492] (**) Optical Mouse: (accel) acceleration threshold: 4
[    10.493] (II) config/udev: Adding input device Optical Mouse (/dev/input/mouse1)
[    10.493] (II) No input driver specified, ignoring this device.
[    10.493] (II) This device may have been added with another device file.
